2024/03/08 17:28:12 [warn] 1#1: "ssl_stapling" ignored, issuer certificate not found for certificate "/etc/nginx/ssl/localhost.crt"
2024/03/08 17:28:12 [notice] 1#1: using the "epoll" event method
2024/03/08 17:28:12 [notice] 1#1: nginx/1.25.1
2024/03/08 17:28:12 [notice] 1#1: built by gcc 12.2.0 (Debian 12.2.0-14) 
2024/03/08 17:28:12 [notice] 1#1: OS: Linux 5.15.146.1-microsoft-standard-WSL2
2024/03/08 17:28:12 [notice] 1#1: getrlimit(RLIMIT_NOFILE): 1048576:1048576
2024/03/08 17:28:12 [notice] 1#1: start worker processes
2024/03/08 17:28:12 [notice] 1#1: start worker process 28
2024/03/08 17:28:12 [notice] 1#1: start worker process 29
2024/03/08 17:28:12 [notice] 1#1: start worker process 30
2024/03/08 17:28:12 [notice] 1#1: start worker process 31
2024/03/08 17:28:12 [notice] 1#1: start worker process 32
2024/03/08 17:28:12 [notice] 1#1: start worker process 33
2024/03/08 17:28:12 [notice] 1#1: start worker process 34
2024/03/08 17:28:12 [notice] 1#1: start worker process 35
2024/03/08 17:28:12 [notice] 1#1: start worker process 36
2024/03/08 17:28:12 [notice] 1#1: start worker process 37
2024/03/08 17:28:12 [notice] 1#1: start worker process 38
2024/03/08 17:28:12 [notice] 1#1: start worker process 39
2024/03/08 17:29:38 [notice] 1#1: signal 3 (SIGQUIT) received, shutting down
2024/03/08 17:29:38 [notice] 28#28: gracefully shutting down
2024/03/08 17:29:38 [notice] 28#28: exiting
2024/03/08 17:29:38 [notice] 29#29: gracefully shutting down
2024/03/08 17:29:38 [notice] 30#30: gracefully shutting down
2024/03/08 17:29:38 [notice] 29#29: exiting
2024/03/08 17:29:38 [notice] 30#30: exiting
2024/03/08 17:29:38 [notice] 32#32: gracefully shutting down
2024/03/08 17:29:38 [notice] 37#37: gracefully shutting down
2024/03/08 17:29:38 [notice] 34#34: gracefully shutting down
2024/03/08 17:29:38 [notice] 33#33: gracefully shutting down
2024/03/08 17:29:38 [notice] 37#37: exiting
2024/03/08 17:29:38 [notice] 32#32: exiting
2024/03/08 17:29:38 [notice] 34#34: exiting
2024/03/08 17:29:38 [notice] 33#33: exiting
2024/03/08 17:29:38 [notice] 28#28: exit
2024/03/08 17:29:38 [notice] 36#36: gracefully shutting down
2024/03/08 17:29:38 [notice] 31#31: gracefully shutting down
2024/03/08 17:29:38 [notice] 35#35: gracefully shutting down
2024/03/08 17:29:38 [notice] 36#36: exiting
2024/03/08 17:29:38 [notice] 31#31: exiting
2024/03/08 17:29:38 [notice] 35#35: exiting
2024/03/08 17:29:38 [notice] 29#29: exit
2024/03/08 17:29:38 [notice] 30#30: exit
2024/03/08 17:29:38 [notice] 37#37: exit
2024/03/08 17:29:38 [notice] 34#34: exit
2024/03/08 17:29:38 [notice] 33#33: exit
2024/03/08 17:29:38 [notice] 32#32: exit
2024/03/08 17:29:38 [notice] 36#36: exit
2024/03/08 17:29:38 [notice] 31#31: exit
2024/03/08 17:29:38 [notice] 35#35: exit
2024/03/08 17:29:38 [notice] 39#39: gracefully shutting down
2024/03/08 17:29:38 [notice] 39#39: exiting
2024/03/08 17:29:38 [notice] 38#38: gracefully shutting down
2024/03/08 17:29:38 [notice] 38#38: exiting
2024/03/08 17:29:38 [notice] 39#39: exit
2024/03/08 17:29:38 [notice] 38#38: exit
2024/03/08 17:29:38 [notice] 1#1: signal 17 (SIGCHLD) received from 33
2024/03/08 17:29:38 [notice] 1#1: worker process 28 exited with code 0
2024/03/08 17:29:38 [notice] 1#1: worker process 30 exited with code 0
2024/03/08 17:29:38 [notice] 1#1: worker process 31 exited with code 0
2024/03/08 17:29:38 [notice] 1#1: worker process 32 exited with code 0
2024/03/08 17:29:38 [notice] 1#1: worker process 33 exited with code 0
2024/03/08 17:29:38 [notice] 1#1: signal 29 (SIGIO) received
2024/03/08 17:29:38 [notice] 1#1: signal 17 (SIGCHLD) received from 31
2024/03/08 17:29:38 [notice] 1#1: signal 17 (SIGCHLD) received from 38
2024/03/08 17:29:38 [notice] 1#1: worker process 38 exited with code 0
2024/03/08 17:29:38 [notice] 1#1: signal 29 (SIGIO) received
2024/03/08 17:29:38 [notice] 1#1: signal 17 (SIGCHLD) received from 37
2024/03/08 17:29:38 [notice] 1#1: worker process 37 exited with code 0
2024/03/08 17:29:38 [notice] 1#1: worker process 39 exited with code 0
2024/03/08 17:29:38 [notice] 1#1: signal 29 (SIGIO) received
2024/03/08 17:29:38 [notice] 1#1: signal 17 (SIGCHLD) received from 39
2024/03/08 17:29:38 [notice] 1#1: signal 17 (SIGCHLD) received from 29
2024/03/08 17:29:38 [notice] 1#1: worker process 29 exited with code 0
2024/03/08 17:29:38 [notice] 1#1: worker process 35 exited with code 0
2024/03/08 17:29:38 [notice] 1#1: signal 29 (SIGIO) received
2024/03/08 17:29:38 [notice] 1#1: signal 17 (SIGCHLD) received from 36
2024/03/08 17:29:38 [notice] 1#1: worker process 36 exited with code 0
2024/03/08 17:29:38 [notice] 1#1: signal 29 (SIGIO) received
2024/03/08 17:29:38 [notice] 1#1: signal 17 (SIGCHLD) received from 34
2024/03/08 17:29:38 [notice] 1#1: worker process 34 exited with code 0
2024/03/08 17:29:38 [notice] 1#1: exit
2024/03/08 17:53:44 [warn] 1#1: "ssl_stapling" ignored, issuer certificate not found for certificate "/etc/nginx/ssl/localhost.crt"
2024/03/08 17:53:44 [notice] 1#1: using the "epoll" event method
2024/03/08 17:53:44 [notice] 1#1: nginx/1.25.1
2024/03/08 17:53:44 [notice] 1#1: built by gcc 12.2.0 (Debian 12.2.0-14) 
2024/03/08 17:53:44 [notice] 1#1: OS: Linux 5.15.146.1-microsoft-standard-WSL2
2024/03/08 17:53:44 [notice] 1#1: getrlimit(RLIMIT_NOFILE): 1048576:1048576
2024/03/08 17:53:44 [notice] 1#1: start worker processes
2024/03/08 17:53:44 [notice] 1#1: start worker process 28
2024/03/08 17:53:44 [notice] 1#1: start worker process 29
2024/03/08 17:53:44 [notice] 1#1: start worker process 30
2024/03/08 17:53:44 [notice] 1#1: start worker process 31
2024/03/08 17:53:44 [notice] 1#1: start worker process 32
2024/03/08 17:53:44 [notice] 1#1: start worker process 33
2024/03/08 17:53:44 [notice] 1#1: start worker process 34
2024/03/08 17:53:44 [notice] 1#1: start worker process 35
2024/03/08 17:53:44 [notice] 1#1: start worker process 36
2024/03/08 17:53:44 [notice] 1#1: start worker process 37
2024/03/08 17:53:44 [notice] 1#1: start worker process 38
2024/03/08 17:53:44 [notice] 1#1: start worker process 39
2024/03/08 17:54:06 [notice] 1#1: signal 3 (SIGQUIT) received, shutting down
2024/03/08 17:54:06 [notice] 29#29: gracefully shutting down
2024/03/08 17:54:06 [notice] 28#28: gracefully shutting down
2024/03/08 17:54:06 [notice] 29#29: exiting
2024/03/08 17:54:06 [notice] 31#31: gracefully shutting down
2024/03/08 17:54:06 [notice] 30#30: gracefully shutting down
2024/03/08 17:54:06 [notice] 32#32: gracefully shutting down
2024/03/08 17:54:06 [notice] 28#28: exiting
2024/03/08 17:54:06 [notice] 33#33: gracefully shutting down
2024/03/08 17:54:06 [notice] 31#31: exiting
2024/03/08 17:54:06 [notice] 32#32: exiting
2024/03/08 17:54:06 [notice] 30#30: exiting
2024/03/08 17:54:06 [notice] 37#37: gracefully shutting down
2024/03/08 17:54:06 [notice] 36#36: gracefully shutting down
2024/03/08 17:54:06 [notice] 33#33: exiting
2024/03/08 17:54:06 [notice] 35#35: gracefully shutting down
2024/03/08 17:54:06 [notice] 37#37: exiting
2024/03/08 17:54:06 [notice] 36#36: exiting
2024/03/08 17:54:06 [notice] 35#35: exiting
2024/03/08 17:54:06 [notice] 39#39: gracefully shutting down
2024/03/08 17:54:06 [notice] 38#38: gracefully shutting down
2024/03/08 17:54:06 [notice] 34#34: gracefully shutting down
2024/03/08 17:54:06 [notice] 39#39: exiting
2024/03/08 17:54:06 [notice] 38#38: exiting
2024/03/08 17:54:06 [notice] 34#34: exiting
2024/03/08 17:54:06 [notice] 33#33: exit
2024/03/08 17:54:06 [notice] 29#29: exit
2024/03/08 17:54:06 [notice] 37#37: exit
2024/03/08 17:54:06 [notice] 31#31: exit
2024/03/08 17:54:06 [notice] 36#36: exit
2024/03/08 17:54:06 [notice] 39#39: exit
2024/03/08 17:54:06 [notice] 32#32: exit
2024/03/08 17:54:06 [notice] 35#35: exit
2024/03/08 17:54:06 [notice] 28#28: exit
2024/03/08 17:54:06 [notice] 30#30: exit
2024/03/08 17:54:06 [notice] 34#34: exit
2024/03/08 17:54:06 [notice] 38#38: exit
2024/03/08 17:54:06 [notice] 1#1: signal 17 (SIGCHLD) received from 35
2024/03/08 17:54:06 [notice] 1#1: worker process 35 exited with code 0
2024/03/08 17:54:06 [notice] 1#1: signal 29 (SIGIO) received
2024/03/08 17:54:06 [notice] 1#1: signal 17 (SIGCHLD) received from 31
2024/03/08 17:54:06 [notice] 1#1: worker process 31 exited with code 0
2024/03/08 17:54:06 [notice] 1#1: signal 29 (SIGIO) received
2024/03/08 17:54:06 [notice] 1#1: signal 17 (SIGCHLD) received from 34
2024/03/08 17:54:06 [notice] 1#1: worker process 34 exited with code 0
2024/03/08 17:54:06 [notice] 1#1: worker process 36 exited with code 0
2024/03/08 17:54:06 [notice] 1#1: signal 29 (SIGIO) received
2024/03/08 17:54:06 [notice] 1#1: signal 17 (SIGCHLD) received from 37
2024/03/08 17:54:06 [notice] 1#1: worker process 37 exited with code 0
2024/03/08 17:54:06 [notice] 1#1: signal 29 (SIGIO) received
2024/03/08 17:54:06 [notice] 1#1: signal 17 (SIGCHLD) received from 33
2024/03/08 17:54:06 [notice] 1#1: worker process 33 exited with code 0
2024/03/08 17:54:06 [notice] 1#1: signal 29 (SIGIO) received
2024/03/08 17:54:06 [notice] 1#1: signal 17 (SIGCHLD) received from 39
2024/03/08 17:54:06 [notice] 1#1: worker process 28 exited with code 0
2024/03/08 17:54:06 [notice] 1#1: worker process 30 exited with code 0
2024/03/08 17:54:06 [notice] 1#1: worker process 39 exited with code 0
2024/03/08 17:54:06 [notice] 1#1: signal 29 (SIGIO) received
2024/03/08 17:54:06 [notice] 1#1: signal 17 (SIGCHLD) received from 29
2024/03/08 17:54:06 [notice] 1#1: worker process 29 exited with code 0
2024/03/08 17:54:06 [notice] 1#1: worker process 32 exited with code 0
2024/03/08 17:54:06 [notice] 1#1: signal 29 (SIGIO) received
2024/03/08 17:54:06 [notice] 1#1: signal 17 (SIGCHLD) received from 38
2024/03/08 17:54:06 [notice] 1#1: worker process 38 exited with code 0
2024/03/08 17:54:06 [notice] 1#1: exit
2024/03/08 17:54:20 [warn] 1#1: "ssl_stapling" ignored, issuer certificate not found for certificate "/etc/nginx/ssl/localhost.crt"
2024/03/08 17:54:20 [notice] 1#1: using the "epoll" event method
2024/03/08 17:54:20 [notice] 1#1: nginx/1.25.1
2024/03/08 17:54:20 [notice] 1#1: built by gcc 12.2.0 (Debian 12.2.0-14) 
2024/03/08 17:54:20 [notice] 1#1: OS: Linux 5.15.146.1-microsoft-standard-WSL2
2024/03/08 17:54:20 [notice] 1#1: getrlimit(RLIMIT_NOFILE): 1048576:1048576
2024/03/08 17:54:20 [notice] 1#1: start worker processes
2024/03/08 17:54:20 [notice] 1#1: start worker process 28
2024/03/08 17:54:20 [notice] 1#1: start worker process 29
2024/03/08 17:54:20 [notice] 1#1: start worker process 30
2024/03/08 17:54:20 [notice] 1#1: start worker process 31
2024/03/08 17:54:20 [notice] 1#1: start worker process 32
2024/03/08 17:54:20 [notice] 1#1: start worker process 33
2024/03/08 17:54:20 [notice] 1#1: start worker process 34
2024/03/08 17:54:20 [notice] 1#1: start worker process 35
2024/03/08 17:54:20 [notice] 1#1: start worker process 36
2024/03/08 17:54:20 [notice] 1#1: start worker process 37
2024/03/08 17:54:20 [notice] 1#1: start worker process 38
2024/03/08 17:54:20 [notice] 1#1: start worker process 39
2024/03/08 17:54:34 [notice] 1#1: signal 3 (SIGQUIT) received, shutting down
2024/03/08 17:54:34 [notice] 28#28: gracefully shutting down
2024/03/08 17:54:34 [notice] 28#28: exiting
2024/03/08 17:54:34 [notice] 29#29: gracefully shutting down
2024/03/08 17:54:34 [notice] 30#30: gracefully shutting down
2024/03/08 17:54:34 [notice] 29#29: exiting
2024/03/08 17:54:34 [notice] 31#31: gracefully shutting down
2024/03/08 17:54:34 [notice] 30#30: exiting
2024/03/08 17:54:34 [notice] 32#32: gracefully shutting down
2024/03/08 17:54:34 [notice] 31#31: exiting
2024/03/08 17:54:34 [notice] 33#33: gracefully shutting down
2024/03/08 17:54:34 [notice] 34#34: gracefully shutting down
2024/03/08 17:54:34 [notice] 32#32: exiting
2024/03/08 17:54:34 [notice] 33#33: exiting
2024/03/08 17:54:34 [notice] 35#35: gracefully shutting down
2024/03/08 17:54:34 [notice] 34#34: exiting
2024/03/08 17:54:34 [notice] 38#38: gracefully shutting down
2024/03/08 17:54:34 [notice] 35#35: exiting
2024/03/08 17:54:34 [notice] 36#36: gracefully shutting down
2024/03/08 17:54:34 [notice] 38#38: exiting
2024/03/08 17:54:34 [notice] 36#36: exiting
2024/03/08 17:54:34 [notice] 31#31: exit
2024/03/08 17:54:34 [notice] 28#28: exit
2024/03/08 17:54:34 [notice] 30#30: exit
2024/03/08 17:54:34 [notice] 32#32: exit
2024/03/08 17:54:34 [notice] 33#33: exit
2024/03/08 17:54:34 [notice] 34#34: exit
2024/03/08 17:54:34 [notice] 39#39: gracefully shutting down
2024/03/08 17:54:34 [notice] 35#35: exit
2024/03/08 17:54:34 [notice] 29#29: exit
2024/03/08 17:54:34 [notice] 38#38: exit
2024/03/08 17:54:34 [notice] 39#39: exiting
2024/03/08 17:54:34 [notice] 36#36: exit
2024/03/08 17:54:34 [notice] 39#39: exit
2024/03/08 17:54:34 [notice] 37#37: gracefully shutting down
2024/03/08 17:54:34 [notice] 37#37: exiting
2024/03/08 17:54:34 [notice] 37#37: exit
2024/03/08 17:54:34 [notice] 1#1: signal 17 (SIGCHLD) received from 37
2024/03/08 17:54:34 [notice] 1#1: worker process 37 exited with code 0
2024/03/08 17:54:34 [notice] 1#1: signal 29 (SIGIO) received
2024/03/08 17:54:34 [notice] 1#1: signal 17 (SIGCHLD) received from 34
2024/03/08 17:54:34 [notice] 1#1: worker process 28 exited with code 0
2024/03/08 17:54:34 [notice] 1#1: worker process 29 exited with code 0
2024/03/08 17:54:34 [notice] 1#1: worker process 32 exited with code 0
2024/03/08 17:54:34 [notice] 1#1: worker process 33 exited with code 0
2024/03/08 17:54:34 [notice] 1#1: worker process 34 exited with code 0
2024/03/08 17:54:34 [notice] 1#1: signal 29 (SIGIO) received
2024/03/08 17:54:34 [notice] 1#1: signal 17 (SIGCHLD) received from 35
2024/03/08 17:54:34 [notice] 1#1: worker process 35 exited with code 0
2024/03/08 17:54:34 [notice] 1#1: signal 29 (SIGIO) received
2024/03/08 17:54:34 [notice] 1#1: signal 17 (SIGCHLD) received from 30
2024/03/08 17:54:34 [notice] 1#1: worker process 30 exited with code 0
2024/03/08 17:54:34 [notice] 1#1: worker process 39 exited with code 0
2024/03/08 17:54:34 [notice] 1#1: signal 29 (SIGIO) received
2024/03/08 17:54:34 [notice] 1#1: signal 17 (SIGCHLD) received from 38
2024/03/08 17:54:34 [notice] 1#1: worker process 36 exited with code 0
2024/03/08 17:54:34 [notice] 1#1: worker process 38 exited with code 0
2024/03/08 17:54:34 [notice] 1#1: signal 29 (SIGIO) received
2024/03/08 17:54:34 [notice] 1#1: signal 17 (SIGCHLD) received from 31
2024/03/08 17:54:34 [notice] 1#1: worker process 31 exited with code 0
2024/03/08 17:54:34 [notice] 1#1: exit
2024/03/08 17:54:49 [warn] 1#1: "ssl_stapling" ignored, issuer certificate not found for certificate "/etc/nginx/ssl/localhost.crt"
2024/03/08 17:54:49 [notice] 1#1: using the "epoll" event method
2024/03/08 17:54:49 [notice] 1#1: nginx/1.25.1
2024/03/08 17:54:49 [notice] 1#1: built by gcc 12.2.0 (Debian 12.2.0-14) 
2024/03/08 17:54:49 [notice] 1#1: OS: Linux 5.15.146.1-microsoft-standard-WSL2
2024/03/08 17:54:49 [notice] 1#1: getrlimit(RLIMIT_NOFILE): 1048576:1048576
2024/03/08 17:54:49 [notice] 1#1: start worker processes
2024/03/08 17:54:49 [notice] 1#1: start worker process 28
2024/03/08 17:54:49 [notice] 1#1: start worker process 29
2024/03/08 17:54:49 [notice] 1#1: start worker process 30
2024/03/08 17:54:49 [notice] 1#1: start worker process 31
2024/03/08 17:54:49 [notice] 1#1: start worker process 32
2024/03/08 17:54:49 [notice] 1#1: start worker process 33
2024/03/08 17:54:49 [notice] 1#1: start worker process 34
2024/03/08 17:54:49 [notice] 1#1: start worker process 35
2024/03/08 17:54:49 [notice] 1#1: start worker process 36
2024/03/08 17:54:49 [notice] 1#1: start worker process 37
2024/03/08 17:54:49 [notice] 1#1: start worker process 38
2024/03/08 17:54:49 [notice] 1#1: start worker process 39
2024/03/08 17:55:02 [notice] 1#1: signal 3 (SIGQUIT) received, shutting down
2024/03/08 17:55:02 [notice] 28#28: gracefully shutting down
2024/03/08 17:55:02 [notice] 29#29: gracefully shutting down
2024/03/08 17:55:02 [notice] 28#28: exiting
2024/03/08 17:55:02 [notice] 29#29: exiting
2024/03/08 17:55:02 [notice] 33#33: gracefully shutting down
2024/03/08 17:55:02 [notice] 31#31: gracefully shutting down
2024/03/08 17:55:02 [notice] 30#30: gracefully shutting down
2024/03/08 17:55:02 [notice] 32#32: gracefully shutting down
2024/03/08 17:55:02 [notice] 33#33: exiting
2024/03/08 17:55:02 [notice] 35#35: gracefully shutting down
2024/03/08 17:55:02 [notice] 37#37: gracefully shutting down
2024/03/08 17:55:02 [notice] 31#31: exiting
2024/03/08 17:55:02 [notice] 36#36: gracefully shutting down
2024/03/08 17:55:02 [notice] 30#30: exiting
2024/03/08 17:55:02 [notice] 32#32: exiting
2024/03/08 17:55:02 [notice] 37#37: exiting
2024/03/08 17:55:02 [notice] 35#35: exiting
2024/03/08 17:55:02 [notice] 36#36: exiting
2024/03/08 17:55:02 [notice] 29#29: exit
2024/03/08 17:55:02 [notice] 28#28: exit
2024/03/08 17:55:02 [notice] 33#33: exit
2024/03/08 17:55:02 [notice] 37#37: exit
2024/03/08 17:55:02 [notice] 35#35: exit
2024/03/08 17:55:02 [notice] 31#31: exit
2024/03/08 17:55:02 [notice] 30#30: exit
2024/03/08 17:55:02 [notice] 32#32: exit
2024/03/08 17:55:02 [notice] 36#36: exit
2024/03/08 17:55:02 [notice] 39#39: gracefully shutting down
2024/03/08 17:55:02 [notice] 38#38: gracefully shutting down
2024/03/08 17:55:02 [notice] 34#34: gracefully shutting down
2024/03/08 17:55:02 [notice] 39#39: exiting
2024/03/08 17:55:02 [notice] 38#38: exiting
2024/03/08 17:55:02 [notice] 34#34: exiting
2024/03/08 17:55:02 [notice] 39#39: exit
2024/03/08 17:55:02 [notice] 34#34: exit
2024/03/08 17:55:02 [notice] 38#38: exit
2024/03/08 17:55:02 [notice] 1#1: signal 17 (SIGCHLD) received from 36
2024/03/08 17:55:02 [notice] 1#1: worker process 36 exited with code 0
2024/03/08 17:55:02 [notice] 1#1: worker process 37 exited with code 0
2024/03/08 17:55:02 [notice] 1#1: signal 29 (SIGIO) received
2024/03/08 17:55:03 [notice] 1#1: signal 17 (SIGCHLD) received from 33
2024/03/08 17:55:03 [notice] 1#1: worker process 33 exited with code 0
2024/03/08 17:55:03 [notice] 1#1: worker process 39 exited with code 0
2024/03/08 17:55:03 [notice] 1#1: signal 29 (SIGIO) received
2024/03/08 17:55:03 [notice] 1#1: signal 17 (SIGCHLD) received from 38
2024/03/08 17:55:03 [notice] 1#1: worker process 31 exited with code 0
2024/03/08 17:55:03 [notice] 1#1: worker process 38 exited with code 0
2024/03/08 17:55:03 [notice] 1#1: signal 29 (SIGIO) received
2024/03/08 17:55:03 [notice] 1#1: signal 17 (SIGCHLD) received from 31
2024/03/08 17:55:03 [notice] 1#1: worker process 28 exited with code 0
2024/03/08 17:55:03 [notice] 1#1: worker process 30 exited with code 0
2024/03/08 17:55:03 [notice] 1#1: worker process 32 exited with code 0
2024/03/08 17:55:03 [notice] 1#1: signal 29 (SIGIO) received
2024/03/08 17:55:03 [notice] 1#1: signal 17 (SIGCHLD) received from 30
2024/03/08 17:55:03 [notice] 1#1: signal 17 (SIGCHLD) received from 35
2024/03/08 17:55:03 [notice] 1#1: worker process 35 exited with code 0
2024/03/08 17:55:03 [notice] 1#1: signal 29 (SIGIO) received
2024/03/08 17:55:03 [notice] 1#1: signal 17 (SIGCHLD) received from 34
2024/03/08 17:55:03 [notice] 1#1: worker process 29 exited with code 0
2024/03/08 17:55:03 [notice] 1#1: worker process 34 exited with code 0
2024/03/08 17:55:03 [notice] 1#1: exit
2024/03/08 17:55:32 [warn] 1#1: "ssl_stapling" ignored, issuer certificate not found for certificate "/etc/nginx/ssl/localhost.crt"
2024/03/08 17:55:32 [notice] 1#1: using the "epoll" event method
2024/03/08 17:55:32 [notice] 1#1: nginx/1.25.1
2024/03/08 17:55:32 [notice] 1#1: built by gcc 12.2.0 (Debian 12.2.0-14) 
2024/03/08 17:55:32 [notice] 1#1: OS: Linux 5.15.146.1-microsoft-standard-WSL2
2024/03/08 17:55:32 [notice] 1#1: getrlimit(RLIMIT_NOFILE): 1048576:1048576
2024/03/08 17:55:32 [notice] 1#1: start worker processes
2024/03/08 17:55:32 [notice] 1#1: start worker process 28
2024/03/08 17:55:32 [notice] 1#1: start worker process 29
2024/03/08 17:55:32 [notice] 1#1: start worker process 30
2024/03/08 17:55:32 [notice] 1#1: start worker process 31
2024/03/08 17:55:32 [notice] 1#1: start worker process 32
2024/03/08 17:55:32 [notice] 1#1: start worker process 33
2024/03/08 17:55:32 [notice] 1#1: start worker process 34
2024/03/08 17:55:32 [notice] 1#1: start worker process 35
2024/03/08 17:55:32 [notice] 1#1: start worker process 36
2024/03/08 17:55:32 [notice] 1#1: start worker process 37
2024/03/08 17:55:32 [notice] 1#1: start worker process 38
2024/03/08 17:55:32 [notice] 1#1: start worker process 39
2024/03/08 17:55:37 [notice] 1#1: signal 3 (SIGQUIT) received, shutting down
2024/03/08 17:55:37 [notice] 28#28: gracefully shutting down
2024/03/08 17:55:37 [notice] 29#29: gracefully shutting down
2024/03/08 17:55:37 [notice] 28#28: exiting
2024/03/08 17:55:37 [notice] 30#30: gracefully shutting down
2024/03/08 17:55:37 [notice] 29#29: exiting
2024/03/08 17:55:37 [notice] 30#30: exiting
2024/03/08 17:55:37 [notice] 31#31: gracefully shutting down
2024/03/08 17:55:37 [notice] 31#31: exiting
2024/03/08 17:55:37 [notice] 32#32: gracefully shutting down
2024/03/08 17:55:37 [notice] 32#32: exiting
2024/03/08 17:55:37 [notice] 33#33: gracefully shutting down
2024/03/08 17:55:37 [notice] 34#34: gracefully shutting down
2024/03/08 17:55:37 [notice] 33#33: exiting
2024/03/08 17:55:37 [notice] 34#34: exiting
2024/03/08 17:55:37 [notice] 37#37: gracefully shutting down
2024/03/08 17:55:37 [notice] 36#36: gracefully shutting down
2024/03/08 17:55:37 [notice] 38#38: gracefully shutting down
2024/03/08 17:55:37 [notice] 29#29: exit
2024/03/08 17:55:37 [notice] 28#28: exit
2024/03/08 17:55:37 [notice] 37#37: exiting
2024/03/08 17:55:37 [notice] 30#30: exit
2024/03/08 17:55:37 [notice] 31#31: exit
2024/03/08 17:55:37 [notice] 36#36: exiting
2024/03/08 17:55:37 [notice] 38#38: exiting
2024/03/08 17:55:37 [notice] 32#32: exit
2024/03/08 17:55:37 [notice] 34#34: exit
2024/03/08 17:55:37 [notice] 33#33: exit
2024/03/08 17:55:37 [notice] 35#35: gracefully shutting down
2024/03/08 17:55:37 [notice] 37#37: exit
2024/03/08 17:55:37 [notice] 38#38: exit
2024/03/08 17:55:37 [notice] 35#35: exiting
2024/03/08 17:55:37 [notice] 36#36: exit
2024/03/08 17:55:37 [notice] 35#35: exit
2024/03/08 17:55:37 [notice] 39#39: gracefully shutting down
2024/03/08 17:55:37 [notice] 39#39: exiting
2024/03/08 17:55:37 [notice] 39#39: exit
2024/03/08 17:55:37 [notice] 1#1: signal 17 (SIGCHLD) received from 32
2024/03/08 17:55:37 [notice] 1#1: worker process 30 exited with code 0
2024/03/08 17:55:37 [notice] 1#1: worker process 32 exited with code 0
2024/03/08 17:55:37 [notice] 1#1: worker process 34 exited with code 0
2024/03/08 17:55:37 [notice] 1#1: worker process 39 exited with code 0
2024/03/08 17:55:37 [notice] 1#1: signal 29 (SIGIO) received
2024/03/08 17:55:37 [notice] 1#1: signal 17 (SIGCHLD) received from 29
2024/03/08 17:55:37 [notice] 1#1: worker process 29 exited with code 0
2024/03/08 17:55:37 [notice] 1#1: worker process 35 exited with code 0
2024/03/08 17:55:37 [notice] 1#1: signal 29 (SIGIO) received
2024/03/08 17:55:37 [notice] 1#1: signal 17 (SIGCHLD) received from 31
2024/03/08 17:55:37 [notice] 1#1: worker process 31 exited with code 0
2024/03/08 17:55:37 [notice] 1#1: signal 29 (SIGIO) received
2024/03/08 17:55:37 [notice] 1#1: signal 17 (SIGCHLD) received from 36
2024/03/08 17:55:37 [notice] 1#1: worker process 36 exited with code 0
2024/03/08 17:55:37 [notice] 1#1: signal 29 (SIGIO) received
2024/03/08 17:55:37 [notice] 1#1: signal 17 (SIGCHLD) received from 38
2024/03/08 17:55:37 [notice] 1#1: worker process 38 exited with code 0
2024/03/08 17:55:37 [notice] 1#1: signal 29 (SIGIO) received
2024/03/08 17:55:37 [notice] 1#1: signal 17 (SIGCHLD) received from 37
2024/03/08 17:55:37 [notice] 1#1: worker process 33 exited with code 0
2024/03/08 17:55:37 [notice] 1#1: worker process 37 exited with code 0
2024/03/08 17:55:37 [notice] 1#1: signal 29 (SIGIO) received
2024/03/08 17:55:37 [notice] 1#1: signal 17 (SIGCHLD) received from 28
2024/03/08 17:55:37 [notice] 1#1: worker process 28 exited with code 0
2024/03/08 17:55:37 [notice] 1#1: exit
2024/03/08 17:56:30 [warn] 1#1: "ssl_stapling" ignored, issuer certificate not found for certificate "/etc/nginx/ssl/localhost.crt"
2024/03/08 17:56:30 [notice] 1#1: using the "epoll" event method
2024/03/08 17:56:30 [notice] 1#1: nginx/1.25.1
2024/03/08 17:56:30 [notice] 1#1: built by gcc 12.2.0 (Debian 12.2.0-14) 
2024/03/08 17:56:30 [notice] 1#1: OS: Linux 5.15.146.1-microsoft-standard-WSL2
2024/03/08 17:56:30 [notice] 1#1: getrlimit(RLIMIT_NOFILE): 1048576:1048576
2024/03/08 17:56:30 [notice] 1#1: start worker processes
2024/03/08 17:56:30 [notice] 1#1: start worker process 28
2024/03/08 17:56:30 [notice] 1#1: start worker process 29
2024/03/08 17:56:30 [notice] 1#1: start worker process 30
2024/03/08 17:56:30 [notice] 1#1: start worker process 31
2024/03/08 17:56:30 [notice] 1#1: start worker process 32
2024/03/08 17:56:30 [notice] 1#1: start worker process 33
2024/03/08 17:56:30 [notice] 1#1: start worker process 34
2024/03/08 17:56:30 [notice] 1#1: start worker process 35
2024/03/08 17:56:30 [notice] 1#1: start worker process 36
2024/03/08 17:56:30 [notice] 1#1: start worker process 37
2024/03/08 17:56:30 [notice] 1#1: start worker process 38
2024/03/08 17:56:30 [notice] 1#1: start worker process 39
2024/03/08 17:56:34 [notice] 1#1: signal 3 (SIGQUIT) received, shutting down
2024/03/08 17:56:34 [notice] 29#29: gracefully shutting down
2024/03/08 17:56:34 [notice] 28#28: gracefully shutting down
2024/03/08 17:56:34 [notice] 30#30: gracefully shutting down
2024/03/08 17:56:34 [notice] 29#29: exiting
2024/03/08 17:56:34 [notice] 31#31: gracefully shutting down
2024/03/08 17:56:34 [notice] 28#28: exiting
2024/03/08 17:56:34 [notice] 30#30: exiting
2024/03/08 17:56:34 [notice] 31#31: exiting
2024/03/08 17:56:34 [notice] 32#32: gracefully shutting down
2024/03/08 17:56:34 [notice] 33#33: gracefully shutting down
2024/03/08 17:56:34 [notice] 34#34: gracefully shutting down
2024/03/08 17:56:34 [notice] 36#36: gracefully shutting down
2024/03/08 17:56:34 [notice] 32#32: exiting
2024/03/08 17:56:34 [notice] 39#39: gracefully shutting down
2024/03/08 17:56:34 [notice] 33#33: exiting
2024/03/08 17:56:34 [notice] 34#34: exiting
2024/03/08 17:56:34 [notice] 36#36: exiting
2024/03/08 17:56:34 [notice] 39#39: exiting
2024/03/08 17:56:34 [notice] 35#35: gracefully shutting down
2024/03/08 17:56:34 [notice] 35#35: exiting
2024/03/08 17:56:34 [notice] 30#30: exit
2024/03/08 17:56:34 [notice] 31#31: exit
2024/03/08 17:56:34 [notice] 29#29: exit
2024/03/08 17:56:34 [notice] 34#34: exit
2024/03/08 17:56:34 [notice] 36#36: exit
2024/03/08 17:56:34 [notice] 39#39: exit
2024/03/08 17:56:34 [notice] 28#28: exit
2024/03/08 17:56:34 [notice] 38#38: gracefully shutting down
2024/03/08 17:56:34 [notice] 38#38: exiting
2024/03/08 17:56:34 [notice] 32#32: exit
2024/03/08 17:56:34 [notice] 33#33: exit
2024/03/08 17:56:34 [notice] 35#35: exit
2024/03/08 17:56:34 [notice] 38#38: exit
2024/03/08 17:56:34 [notice] 37#37: gracefully shutting down
2024/03/08 17:56:34 [notice] 37#37: exiting
2024/03/08 17:56:34 [notice] 37#37: exit
2024/03/08 17:56:34 [notice] 1#1: signal 17 (SIGCHLD) received from 33
2024/03/08 17:56:34 [notice] 1#1: worker process 31 exited with code 0
2024/03/08 17:56:34 [notice] 1#1: worker process 33 exited with code 0
2024/03/08 17:56:34 [notice] 1#1: signal 29 (SIGIO) received
2024/03/08 17:56:34 [notice] 1#1: signal 17 (SIGCHLD) received from 34
2024/03/08 17:56:34 [notice] 1#1: worker process 34 exited with code 0
2024/03/08 17:56:34 [notice] 1#1: worker process 35 exited with code 0
2024/03/08 17:56:34 [notice] 1#1: signal 29 (SIGIO) received
2024/03/08 17:56:34 [notice] 1#1: signal 17 (SIGCHLD) received from 35
2024/03/08 17:56:34 [notice] 1#1: signal 17 (SIGCHLD) received from 39
2024/03/08 17:56:34 [notice] 1#1: worker process 29 exited with code 0
2024/03/08 17:56:34 [notice] 1#1: worker process 32 exited with code 0
2024/03/08 17:56:34 [notice] 1#1: worker process 36 exited with code 0
2024/03/08 17:56:34 [notice] 1#1: worker process 37 exited with code 0
2024/03/08 17:56:34 [notice] 1#1: worker process 38 exited with code 0
2024/03/08 17:56:34 [notice] 1#1: worker process 39 exited with code 0
2024/03/08 17:56:34 [notice] 1#1: signal 29 (SIGIO) received
2024/03/08 17:56:34 [notice] 1#1: signal 17 (SIGCHLD) received from 38
2024/03/08 17:56:34 [notice] 1#1: signal 17 (SIGCHLD) received from 30
2024/03/08 17:56:34 [notice] 1#1: worker process 30 exited with code 0
2024/03/08 17:56:34 [notice] 1#1: signal 29 (SIGIO) received
2024/03/08 17:56:34 [notice] 1#1: signal 17 (SIGCHLD) received from 28
2024/03/08 17:56:34 [notice] 1#1: worker process 28 exited with code 0
2024/03/08 17:56:34 [notice] 1#1: exit
2024/03/08 17:58:16 [warn] 1#1: "ssl_stapling" ignored, issuer certificate not found for certificate "/etc/nginx/ssl/localhost.crt"
2024/03/08 17:58:16 [notice] 1#1: using the "epoll" event method
2024/03/08 17:58:16 [notice] 1#1: nginx/1.25.1
2024/03/08 17:58:16 [notice] 1#1: built by gcc 12.2.0 (Debian 12.2.0-14) 
2024/03/08 17:58:16 [notice] 1#1: OS: Linux 5.15.146.1-microsoft-standard-WSL2
2024/03/08 17:58:16 [notice] 1#1: getrlimit(RLIMIT_NOFILE): 1048576:1048576
2024/03/08 17:58:16 [notice] 1#1: start worker processes
2024/03/08 17:58:16 [notice] 1#1: start worker process 28
2024/03/08 17:58:16 [notice] 1#1: start worker process 29
2024/03/08 17:58:16 [notice] 1#1: start worker process 30
2024/03/08 17:58:16 [notice] 1#1: start worker process 31
2024/03/08 17:58:16 [notice] 1#1: start worker process 32
2024/03/08 17:58:16 [notice] 1#1: start worker process 33
2024/03/08 17:58:16 [notice] 1#1: start worker process 34
2024/03/08 17:58:16 [notice] 1#1: start worker process 35
2024/03/08 17:58:16 [notice] 1#1: start worker process 36
2024/03/08 17:58:16 [notice] 1#1: start worker process 37
2024/03/08 17:58:16 [notice] 1#1: start worker process 38
2024/03/08 17:58:16 [notice] 1#1: start worker process 39
2024/03/08 17:58:44 [notice] 1#1: signal 3 (SIGQUIT) received, shutting down
2024/03/08 17:58:44 [notice] 28#28: gracefully shutting down
2024/03/08 17:58:44 [notice] 29#29: gracefully shutting down
2024/03/08 17:58:44 [notice] 29#29: exiting
2024/03/08 17:58:44 [notice] 30#30: gracefully shutting down
2024/03/08 17:58:44 [notice] 32#32: gracefully shutting down
2024/03/08 17:58:44 [notice] 33#33: gracefully shutting down
2024/03/08 17:58:44 [notice] 31#31: gracefully shutting down
2024/03/08 17:58:44 [notice] 32#32: exiting
2024/03/08 17:58:44 [notice] 30#30: exiting
2024/03/08 17:58:44 [notice] 35#35: gracefully shutting down
2024/03/08 17:58:44 [notice] 33#33: exiting
2024/03/08 17:58:44 [notice] 34#34: gracefully shutting down
2024/03/08 17:58:44 [notice] 37#37: gracefully shutting down
2024/03/08 17:58:44 [notice] 31#31: exiting
2024/03/08 17:58:44 [notice] 35#35: exiting
2024/03/08 17:58:44 [notice] 34#34: exiting
2024/03/08 17:58:44 [notice] 37#37: exiting
2024/03/08 17:58:44 [notice] 38#38: gracefully shutting down
2024/03/08 17:58:44 [notice] 38#38: exiting
2024/03/08 17:58:44 [notice] 29#29: exit
2024/03/08 17:58:44 [notice] 39#39: gracefully shutting down
2024/03/08 17:58:44 [notice] 32#32: exit
2024/03/08 17:58:44 [notice] 37#37: exit
2024/03/08 17:58:44 [notice] 35#35: exit
2024/03/08 17:58:44 [notice] 33#33: exit
2024/03/08 17:58:44 [notice] 34#34: exit
2024/03/08 17:58:44 [notice] 39#39: exiting
2024/03/08 17:58:44 [notice] 36#36: gracefully shutting down
2024/03/08 17:58:44 [notice] 36#36: exiting
2024/03/08 17:58:44 [notice] 30#30: exit
2024/03/08 17:58:44 [notice] 31#31: exit
2024/03/08 17:58:44 [notice] 38#38: exit
2024/03/08 17:58:44 [notice] 39#39: exit
2024/03/08 17:58:44 [notice] 36#36: exit
2024/03/08 17:58:44 [notice] 28#28: exiting
2024/03/08 17:58:44 [notice] 28#28: exit
2024/03/08 17:58:44 [notice] 1#1: signal 17 (SIGCHLD) received from 38
2024/03/08 17:58:44 [notice] 1#1: worker process 29 exited with code 0
2024/03/08 17:58:44 [notice] 1#1: worker process 31 exited with code 0
2024/03/08 17:58:44 [notice] 1#1: worker process 32 exited with code 0
2024/03/08 17:58:44 [notice] 1#1: worker process 38 exited with code 0
2024/03/08 17:58:44 [notice] 1#1: signal 29 (SIGIO) received
2024/03/08 17:58:44 [notice] 1#1: signal 17 (SIGCHLD) received from 30
2024/03/08 17:58:44 [notice] 1#1: worker process 28 exited with code 0
2024/03/08 17:58:44 [notice] 1#1: worker process 30 exited with code 0
2024/03/08 17:58:44 [notice] 1#1: worker process 37 exited with code 0
2024/03/08 17:58:44 [notice] 1#1: signal 29 (SIGIO) received
2024/03/08 17:58:44 [notice] 1#1: signal 17 (SIGCHLD) received from 37
2024/03/08 17:58:44 [notice] 1#1: signal 17 (SIGCHLD) received from 36
2024/03/08 17:58:44 [notice] 1#1: worker process 36 exited with code 0
2024/03/08 17:58:44 [notice] 1#1: signal 29 (SIGIO) received
2024/03/08 17:58:45 [notice] 1#1: signal 17 (SIGCHLD) received from 34
2024/03/08 17:58:45 [notice] 1#1: worker process 34 exited with code 0
2024/03/08 17:58:45 [notice] 1#1: signal 29 (SIGIO) received
2024/03/08 17:58:45 [notice] 1#1: signal 17 (SIGCHLD) received from 33
2024/03/08 17:58:45 [notice] 1#1: worker process 33 exited with code 0
2024/03/08 17:58:45 [notice] 1#1: worker process 35 exited with code 0
2024/03/08 17:58:45 [notice] 1#1: worker process 39 exited with code 0
2024/03/08 17:58:45 [notice] 1#1: exit
2024/03/08 17:58:56 [warn] 1#1: "ssl_stapling" ignored, issuer certificate not found for certificate "/etc/nginx/ssl/localhost.crt"
2024/03/08 17:58:56 [notice] 1#1: using the "epoll" event method
2024/03/08 17:58:56 [notice] 1#1: nginx/1.25.1
2024/03/08 17:58:56 [notice] 1#1: built by gcc 12.2.0 (Debian 12.2.0-14) 
2024/03/08 17:58:56 [notice] 1#1: OS: Linux 5.15.146.1-microsoft-standard-WSL2
2024/03/08 17:58:56 [notice] 1#1: getrlimit(RLIMIT_NOFILE): 1048576:1048576
2024/03/08 17:58:56 [notice] 1#1: start worker processes
2024/03/08 17:58:56 [notice] 1#1: start worker process 28
2024/03/08 17:58:56 [notice] 1#1: start worker process 29
2024/03/08 17:58:56 [notice] 1#1: start worker process 30
2024/03/08 17:58:56 [notice] 1#1: start worker process 31
2024/03/08 17:58:56 [notice] 1#1: start worker process 32
2024/03/08 17:58:56 [notice] 1#1: start worker process 33
2024/03/08 17:58:56 [notice] 1#1: start worker process 34
2024/03/08 17:58:56 [notice] 1#1: start worker process 35
2024/03/08 17:58:56 [notice] 1#1: start worker process 36
2024/03/08 17:58:56 [notice] 1#1: start worker process 37
2024/03/08 17:58:56 [notice] 1#1: start worker process 38
2024/03/08 17:58:56 [notice] 1#1: start worker process 39
2024/03/08 17:58:58 [notice] 1#1: signal 3 (SIGQUIT) received, shutting down
2024/03/08 17:58:58 [notice] 29#29: gracefully shutting down
2024/03/08 17:58:58 [notice] 28#28: gracefully shutting down
2024/03/08 17:58:58 [notice] 31#31: gracefully shutting down
2024/03/08 17:58:58 [notice] 29#29: exiting
2024/03/08 17:58:58 [notice] 28#28: exiting
2024/03/08 17:58:58 [notice] 32#32: gracefully shutting down
2024/03/08 17:58:58 [notice] 30#30: gracefully shutting down
2024/03/08 17:58:58 [notice] 31#31: exiting
2024/03/08 17:58:58 [notice] 32#32: exiting
2024/03/08 17:58:58 [notice] 33#33: gracefully shutting down
2024/03/08 17:58:58 [notice] 30#30: exiting
2024/03/08 17:58:58 [notice] 33#33: exiting
2024/03/08 17:58:58 [notice] 34#34: gracefully shutting down
2024/03/08 17:58:58 [notice] 37#37: gracefully shutting down
2024/03/08 17:58:58 [notice] 35#35: gracefully shutting down
2024/03/08 17:58:58 [notice] 36#36: gracefully shutting down
2024/03/08 17:58:58 [notice] 34#34: exiting
2024/03/08 17:58:58 [notice] 37#37: exiting
2024/03/08 17:58:58 [notice] 38#38: gracefully shutting down
2024/03/08 17:58:58 [notice] 35#35: exiting
2024/03/08 17:58:58 [notice] 36#36: exiting
2024/03/08 17:58:58 [notice] 38#38: exiting
2024/03/08 17:58:58 [notice] 32#32: exit
2024/03/08 17:58:58 [notice] 31#31: exit
2024/03/08 17:58:58 [notice] 29#29: exit
2024/03/08 17:58:58 [notice] 33#33: exit
2024/03/08 17:58:58 [notice] 37#37: exit
2024/03/08 17:58:58 [notice] 38#38: exit
2024/03/08 17:58:58 [notice] 30#30: exit
2024/03/08 17:58:58 [notice] 34#34: exit
2024/03/08 17:58:58 [notice] 35#35: exit
2024/03/08 17:58:58 [notice] 36#36: exit
2024/03/08 17:58:58 [notice] 28#28: exit
2024/03/08 17:58:58 [notice] 39#39: gracefully shutting down
2024/03/08 17:58:58 [notice] 39#39: exiting
2024/03/08 17:58:58 [notice] 39#39: exit
2024/03/08 17:58:59 [notice] 1#1: signal 17 (SIGCHLD) received from 32
2024/03/08 17:58:59 [notice] 1#1: worker process 30 exited with code 0
2024/03/08 17:58:59 [notice] 1#1: worker process 31 exited with code 0
2024/03/08 17:58:59 [notice] 1#1: worker process 32 exited with code 0
2024/03/08 17:58:59 [notice] 1#1: worker process 33 exited with code 0
2024/03/08 17:58:59 [notice] 1#1: worker process 34 exited with code 0
2024/03/08 17:58:59 [notice] 1#1: worker process 35 exited with code 0
2024/03/08 17:58:59 [notice] 1#1: worker process 37 exited with code 0
2024/03/08 17:58:59 [notice] 1#1: signal 29 (SIGIO) received
2024/03/08 17:58:59 [notice] 1#1: signal 17 (SIGCHLD) received from 37
2024/03/08 17:58:59 [notice] 1#1: signal 17 (SIGCHLD) received from 29
2024/03/08 17:58:59 [notice] 1#1: worker process 29 exited with code 0
2024/03/08 17:58:59 [notice] 1#1: worker process 39 exited with code 0
2024/03/08 17:58:59 [notice] 1#1: signal 29 (SIGIO) received
2024/03/08 17:58:59 [notice] 1#1: signal 17 (SIGCHLD) received from 36
2024/03/08 17:58:59 [notice] 1#1: worker process 36 exited with code 0
2024/03/08 17:58:59 [notice] 1#1: signal 29 (SIGIO) received
2024/03/08 17:58:59 [notice] 1#1: signal 17 (SIGCHLD) received from 28
2024/03/08 17:58:59 [notice] 1#1: worker process 28 exited with code 0
2024/03/08 17:58:59 [notice] 1#1: worker process 38 exited with code 0
2024/03/08 17:58:59 [notice] 1#1: exit
2024/03/08 18:00:20 [warn] 1#1: "ssl_stapling" ignored, issuer certificate not found for certificate "/etc/nginx/ssl/localhost.crt"
2024/03/08 18:00:20 [notice] 1#1: using the "epoll" event method
2024/03/08 18:00:20 [notice] 1#1: nginx/1.25.1
2024/03/08 18:00:20 [notice] 1#1: built by gcc 12.2.0 (Debian 12.2.0-14) 
2024/03/08 18:00:20 [notice] 1#1: OS: Linux 5.15.146.1-microsoft-standard-WSL2
2024/03/08 18:00:20 [notice] 1#1: getrlimit(RLIMIT_NOFILE): 1048576:1048576
2024/03/08 18:00:20 [notice] 1#1: start worker processes
2024/03/08 18:00:20 [notice] 1#1: start worker process 28
2024/03/08 18:00:20 [notice] 1#1: start worker process 29
2024/03/08 18:00:20 [notice] 1#1: start worker process 30
2024/03/08 18:00:20 [notice] 1#1: start worker process 31
2024/03/08 18:00:20 [notice] 1#1: start worker process 32
2024/03/08 18:00:20 [notice] 1#1: start worker process 33
2024/03/08 18:00:20 [notice] 1#1: start worker process 34
2024/03/08 18:00:20 [notice] 1#1: start worker process 35
2024/03/08 18:00:20 [notice] 1#1: start worker process 36
2024/03/08 18:00:20 [notice] 1#1: start worker process 37
2024/03/08 18:00:20 [notice] 1#1: start worker process 38
2024/03/08 18:00:20 [notice] 1#1: start worker process 39
2024/03/08 18:01:42 [notice] 1#1: signal 3 (SIGQUIT) received, shutting down
2024/03/08 18:01:42 [notice] 28#28: gracefully shutting down
2024/03/08 18:01:42 [notice] 29#29: gracefully shutting down
2024/03/08 18:01:42 [notice] 30#30: gracefully shutting down
2024/03/08 18:01:42 [notice] 28#28: exiting
2024/03/08 18:01:42 [notice] 30#30: exiting
2024/03/08 18:01:42 [notice] 29#29: exiting
2024/03/08 18:01:42 [notice] 31#31: gracefully shutting down
2024/03/08 18:01:42 [notice] 32#32: gracefully shutting down
2024/03/08 18:01:42 [notice] 31#31: exiting
2024/03/08 18:01:42 [notice] 33#33: gracefully shutting down
2024/03/08 18:01:42 [notice] 32#32: exiting
2024/03/08 18:01:42 [notice] 34#34: gracefully shutting down
2024/03/08 18:01:42 [notice] 35#35: gracefully shutting down
2024/03/08 18:01:42 [notice] 33#33: exiting
2024/03/08 18:01:42 [notice] 35#35: exiting
2024/03/08 18:01:42 [notice] 34#34: exiting
2024/03/08 18:01:42 [notice] 36#36: gracefully shutting down
2024/03/08 18:01:42 [notice] 37#37: gracefully shutting down
2024/03/08 18:01:42 [notice] 37#37: exiting
2024/03/08 18:01:42 [notice] 36#36: exiting
2024/03/08 18:01:42 [notice] 30#30: exit
2024/03/08 18:01:42 [notice] 35#35: exit
2024/03/08 18:01:42 [notice] 34#34: exit
2024/03/08 18:01:42 [notice] 29#29: exit
2024/03/08 18:01:42 [notice] 28#28: exit
2024/03/08 18:01:42 [notice] 37#37: exit
2024/03/08 18:01:42 [notice] 31#31: exit
2024/03/08 18:01:42 [notice] 32#32: exit
2024/03/08 18:01:42 [notice] 33#33: exit
2024/03/08 18:01:42 [notice] 36#36: exit
2024/03/08 18:01:42 [notice] 38#38: gracefully shutting down
2024/03/08 18:01:42 [notice] 38#38: exiting
2024/03/08 18:01:42 [notice] 39#39: gracefully shutting down
2024/03/08 18:01:42 [notice] 39#39: exiting
2024/03/08 18:01:42 [notice] 39#39: exit
2024/03/08 18:01:42 [notice] 38#38: exit
2024/03/08 18:01:42 [notice] 1#1: signal 17 (SIGCHLD) received from 31
2024/03/08 18:01:42 [notice] 1#1: worker process 31 exited with code 0
2024/03/08 18:01:42 [notice] 1#1: signal 29 (SIGIO) received
2024/03/08 18:01:42 [notice] 1#1: signal 17 (SIGCHLD) received from 38
2024/03/08 18:01:42 [notice] 1#1: worker process 38 exited with code 0
2024/03/08 18:01:42 [notice] 1#1: signal 29 (SIGIO) received
2024/03/08 18:01:42 [notice] 1#1: signal 17 (SIGCHLD) received from 35
2024/03/08 18:01:42 [notice] 1#1: worker process 34 exited with code 0
2024/03/08 18:01:42 [notice] 1#1: worker process 35 exited with code 0
2024/03/08 18:01:42 [notice] 1#1: worker process 36 exited with code 0
2024/03/08 18:01:42 [notice] 1#1: worker process 39 exited with code 0
2024/03/08 18:01:42 [notice] 1#1: signal 29 (SIGIO) received
2024/03/08 18:01:42 [notice] 1#1: signal 17 (SIGCHLD) received from 29
2024/03/08 18:01:42 [notice] 1#1: worker process 29 exited with code 0
2024/03/08 18:01:42 [notice] 1#1: worker process 37 exited with code 0
2024/03/08 18:01:42 [notice] 1#1: signal 29 (SIGIO) received
2024/03/08 18:01:42 [notice] 1#1: signal 17 (SIGCHLD) received from 30
2024/03/08 18:01:42 [notice] 1#1: worker process 30 exited with code 0
2024/03/08 18:01:42 [notice] 1#1: signal 29 (SIGIO) received
2024/03/08 18:01:42 [notice] 1#1: signal 17 (SIGCHLD) received from 32
2024/03/08 18:01:42 [notice] 1#1: worker process 32 exited with code 0
2024/03/08 18:01:42 [notice] 1#1: signal 29 (SIGIO) received
2024/03/08 18:01:42 [notice] 1#1: signal 17 (SIGCHLD) received from 28
2024/03/08 18:01:42 [notice] 1#1: worker process 28 exited with code 0
2024/03/08 18:01:42 [notice] 1#1: worker process 33 exited with code 0
2024/03/08 18:01:42 [notice] 1#1: exit
2024/03/08 18:11:32 [warn] 1#1: "ssl_stapling" ignored, issuer certificate not found for certificate "/etc/nginx/ssl/localhost.crt"
2024/03/08 18:11:32 [notice] 1#1: using the "epoll" event method
2024/03/08 18:11:32 [notice] 1#1: nginx/1.25.1
2024/03/08 18:11:32 [notice] 1#1: built by gcc 12.2.0 (Debian 12.2.0-14) 
2024/03/08 18:11:32 [notice] 1#1: OS: Linux 5.15.146.1-microsoft-standard-WSL2
2024/03/08 18:11:32 [notice] 1#1: getrlimit(RLIMIT_NOFILE): 1048576:1048576
2024/03/08 18:11:32 [notice] 1#1: start worker processes
2024/03/08 18:11:32 [notice] 1#1: start worker process 29
2024/03/08 18:11:32 [notice] 1#1: start worker process 30
2024/03/08 18:11:32 [notice] 1#1: start worker process 31
2024/03/08 18:11:32 [notice] 1#1: start worker process 32
2024/03/08 18:11:32 [notice] 1#1: start worker process 33
2024/03/08 18:11:32 [notice] 1#1: start worker process 34
2024/03/08 18:11:32 [notice] 1#1: start worker process 35
2024/03/08 18:11:32 [notice] 1#1: start worker process 36
2024/03/08 18:11:32 [notice] 1#1: start worker process 37
2024/03/08 18:11:32 [notice] 1#1: start worker process 38
2024/03/08 18:11:32 [notice] 1#1: start worker process 39
2024/03/08 18:11:32 [notice] 1#1: start worker process 40
2024/03/08 18:13:09 [notice] 1#1: signal 3 (SIGQUIT) received, shutting down
2024/03/08 18:13:09 [notice] 29#29: gracefully shutting down
2024/03/08 18:13:09 [notice] 29#29: exiting
2024/03/08 18:13:09 [notice] 30#30: gracefully shutting down
2024/03/08 18:13:09 [notice] 31#31: gracefully shutting down
2024/03/08 18:13:09 [notice] 32#32: gracefully shutting down
2024/03/08 18:13:09 [notice] 30#30: exiting
2024/03/08 18:13:09 [notice] 31#31: exiting
2024/03/08 18:13:09 [notice] 32#32: exiting
2024/03/08 18:13:09 [notice] 34#34: gracefully shutting down
2024/03/08 18:13:09 [notice] 33#33: gracefully shutting down
2024/03/08 18:13:09 [notice] 34#34: exiting
2024/03/08 18:13:09 [notice] 29#29: exit
2024/03/08 18:13:09 [notice] 33#33: exiting
2024/03/08 18:13:09 [notice] 36#36: gracefully shutting down
2024/03/08 18:13:09 [notice] 35#35: gracefully shutting down
2024/03/08 18:13:09 [notice] 36#36: exiting
2024/03/08 18:13:09 [notice] 40#40: gracefully shutting down
2024/03/08 18:13:09 [notice] 37#37: gracefully shutting down
2024/03/08 18:13:09 [notice] 35#35: exiting
2024/03/08 18:13:09 [notice] 40#40: exiting
2024/03/08 18:13:09 [notice] 37#37: exiting
2024/03/08 18:13:09 [notice] 38#38: gracefully shutting down
2024/03/08 18:13:09 [notice] 34#34: exit
2024/03/08 18:13:09 [notice] 33#33: exit
2024/03/08 18:13:09 [notice] 31#31: exit
2024/03/08 18:13:09 [notice] 32#32: exit
2024/03/08 18:13:09 [notice] 38#38: exiting
2024/03/08 18:13:09 [notice] 30#30: exit
2024/03/08 18:13:09 [notice] 36#36: exit
2024/03/08 18:13:09 [notice] 40#40: exit
2024/03/08 18:13:09 [notice] 38#38: exit
2024/03/08 18:13:09 [notice] 35#35: exit
2024/03/08 18:13:09 [notice] 37#37: exit
2024/03/08 18:13:09 [notice] 39#39: gracefully shutting down
2024/03/08 18:13:09 [notice] 39#39: exiting
2024/03/08 18:13:09 [notice] 39#39: exit
2024/03/08 18:13:09 [notice] 1#1: signal 17 (SIGCHLD) received from 38
2024/03/08 18:13:09 [notice] 1#1: worker process 30 exited with code 0
2024/03/08 18:13:09 [notice] 1#1: worker process 32 exited with code 0
2024/03/08 18:13:09 [notice] 1#1: worker process 34 exited with code 0
2024/03/08 18:13:09 [notice] 1#1: worker process 36 exited with code 0
2024/03/08 18:13:09 [notice] 1#1: worker process 38 exited with code 0
2024/03/08 18:13:09 [notice] 1#1: signal 29 (SIGIO) received
2024/03/08 18:13:09 [notice] 1#1: signal 17 (SIGCHLD) received from 32
2024/03/08 18:13:09 [notice] 1#1: signal 17 (SIGCHLD) received from 37
2024/03/08 18:13:09 [notice] 1#1: worker process 29 exited with code 0
2024/03/08 18:13:09 [notice] 1#1: worker process 33 exited with code 0
2024/03/08 18:13:09 [notice] 1#1: worker process 37 exited with code 0
2024/03/08 18:13:09 [notice] 1#1: worker process 39 exited with code 0
2024/03/08 18:13:09 [notice] 1#1: worker process 40 exited with code 0
2024/03/08 18:13:09 [notice] 1#1: signal 29 (SIGIO) received
2024/03/08 18:13:09 [notice] 1#1: signal 17 (SIGCHLD) received from 40
2024/03/08 18:13:09 [notice] 1#1: signal 17 (SIGCHLD) received from 35
2024/03/08 18:13:09 [notice] 1#1: worker process 35 exited with code 0
2024/03/08 18:13:09 [notice] 1#1: signal 29 (SIGIO) received
2024/03/08 18:13:09 [notice] 1#1: signal 17 (SIGCHLD) received from 31
2024/03/08 18:13:09 [notice] 1#1: worker process 31 exited with code 0
2024/03/08 18:13:09 [notice] 1#1: exit
2024/03/08 18:14:43 [warn] 1#1: "ssl_stapling" ignored, issuer certificate not found for certificate "/etc/nginx/ssl/localhost.crt"
2024/03/08 18:14:43 [notice] 1#1: using the "epoll" event method
2024/03/08 18:14:43 [notice] 1#1: nginx/1.25.1
2024/03/08 18:14:43 [notice] 1#1: built by gcc 12.2.0 (Debian 12.2.0-14) 
2024/03/08 18:14:43 [notice] 1#1: OS: Linux 5.15.146.1-microsoft-standard-WSL2
2024/03/08 18:14:43 [notice] 1#1: getrlimit(RLIMIT_NOFILE): 1048576:1048576
2024/03/08 18:14:43 [notice] 1#1: start worker processes
2024/03/08 18:14:43 [notice] 1#1: start worker process 28
2024/03/08 18:14:43 [notice] 1#1: start worker process 29
2024/03/08 18:14:43 [notice] 1#1: start worker process 30
2024/03/08 18:14:43 [notice] 1#1: start worker process 31
2024/03/08 18:14:43 [notice] 1#1: start worker process 32
2024/03/08 18:14:43 [notice] 1#1: start worker process 33
2024/03/08 18:14:43 [notice] 1#1: start worker process 34
2024/03/08 18:14:43 [notice] 1#1: start worker process 35
2024/03/08 18:14:43 [notice] 1#1: start worker process 36
2024/03/08 18:14:43 [notice] 1#1: start worker process 37
2024/03/08 18:14:43 [notice] 1#1: start worker process 38
2024/03/08 18:14:43 [notice] 1#1: start worker process 39
2024/03/08 18:14:52 [notice] 1#1: signal 3 (SIGQUIT) received, shutting down
2024/03/08 18:14:52 [notice] 28#28: gracefully shutting down
2024/03/08 18:14:52 [notice] 30#30: gracefully shutting down
2024/03/08 18:14:52 [notice] 31#31: gracefully shutting down
2024/03/08 18:14:52 [notice] 29#29: gracefully shutting down
2024/03/08 18:14:52 [notice] 30#30: exiting
2024/03/08 18:14:52 [notice] 31#31: exiting
2024/03/08 18:14:52 [notice] 34#34: gracefully shutting down
2024/03/08 18:14:52 [notice] 32#32: gracefully shutting down
2024/03/08 18:14:52 [notice] 29#29: exiting
2024/03/08 18:14:52 [notice] 33#33: gracefully shutting down
2024/03/08 18:14:52 [notice] 34#34: exiting
2024/03/08 18:14:52 [notice] 39#39: gracefully shutting down
2024/03/08 18:14:52 [notice] 32#32: exiting
2024/03/08 18:14:52 [notice] 36#36: gracefully shutting down
2024/03/08 18:14:52 [notice] 39#39: exiting
2024/03/08 18:14:52 [notice] 33#33: exiting
2024/03/08 18:14:52 [notice] 36#36: exiting
2024/03/08 18:14:52 [notice] 38#38: gracefully shutting down
2024/03/08 18:14:52 [notice] 38#38: exiting
2024/03/08 18:14:52 [notice] 31#31: exit
2024/03/08 18:14:52 [notice] 30#30: exit
2024/03/08 18:14:52 [notice] 34#34: exit
2024/03/08 18:14:52 [notice] 39#39: exit
2024/03/08 18:14:52 [notice] 38#38: exit
2024/03/08 18:14:52 [notice] 32#32: exit
2024/03/08 18:14:52 [notice] 29#29: exit
2024/03/08 18:14:52 [notice] 33#33: exit
2024/03/08 18:14:52 [notice] 36#36: exit
2024/03/08 18:14:52 [notice] 35#35: gracefully shutting down
2024/03/08 18:14:52 [notice] 37#37: gracefully shutting down
2024/03/08 18:14:52 [notice] 35#35: exiting
2024/03/08 18:14:52 [notice] 37#37: exiting
2024/03/08 18:14:52 [notice] 35#35: exit
2024/03/08 18:14:52 [notice] 37#37: exit
2024/03/08 18:14:52 [notice] 28#28: exiting
2024/03/08 18:14:52 [notice] 28#28: exit
2024/03/08 18:14:53 [notice] 1#1: signal 17 (SIGCHLD) received from 37
2024/03/08 18:14:53 [notice] 1#1: worker process 29 exited with code 0
2024/03/08 18:14:53 [notice] 1#1: worker process 37 exited with code 0
2024/03/08 18:14:53 [notice] 1#1: signal 29 (SIGIO) received
2024/03/08 18:14:53 [notice] 1#1: signal 17 (SIGCHLD) received from 39
2024/03/08 18:14:53 [notice] 1#1: worker process 33 exited with code 0
2024/03/08 18:14:53 [notice] 1#1: worker process 39 exited with code 0
2024/03/08 18:14:53 [notice] 1#1: signal 29 (SIGIO) received
2024/03/08 18:14:53 [notice] 1#1: signal 17 (SIGCHLD) received from 33
2024/03/08 18:14:53 [notice] 1#1: signal 17 (SIGCHLD) received from 36
2024/03/08 18:14:53 [notice] 1#1: worker process 28 exited with code 0
2024/03/08 18:14:53 [notice] 1#1: worker process 30 exited with code 0
2024/03/08 18:14:53 [notice] 1#1: worker process 31 exited with code 0
2024/03/08 18:14:53 [notice] 1#1: worker process 32 exited with code 0
2024/03/08 18:14:53 [notice] 1#1: worker process 35 exited with code 0
2024/03/08 18:14:53 [notice] 1#1: worker process 36 exited with code 0
2024/03/08 18:14:53 [notice] 1#1: worker process 38 exited with code 0
2024/03/08 18:14:53 [notice] 1#1: signal 29 (SIGIO) received
2024/03/08 18:14:53 [notice] 1#1: signal 17 (SIGCHLD) received from 32
2024/03/08 18:14:53 [notice] 1#1: signal 17 (SIGCHLD) received from 34
2024/03/08 18:14:53 [notice] 1#1: worker process 34 exited with code 0
2024/03/08 18:14:53 [notice] 1#1: exit
2024/03/08 18:17:37 [warn] 1#1: "ssl_stapling" ignored, issuer certificate not found for certificate "/etc/nginx/ssl/localhost.crt"
2024/03/08 18:17:37 [notice] 1#1: using the "epoll" event method
2024/03/08 18:17:37 [notice] 1#1: nginx/1.25.1
2024/03/08 18:17:37 [notice] 1#1: built by gcc 12.2.0 (Debian 12.2.0-14) 
2024/03/08 18:17:37 [notice] 1#1: OS: Linux 5.15.146.1-microsoft-standard-WSL2
2024/03/08 18:17:37 [notice] 1#1: getrlimit(RLIMIT_NOFILE): 1048576:1048576
2024/03/08 18:17:37 [notice] 1#1: start worker processes
2024/03/08 18:17:37 [notice] 1#1: start worker process 28
2024/03/08 18:17:37 [notice] 1#1: start worker process 29
2024/03/08 18:17:37 [notice] 1#1: start worker process 30
2024/03/08 18:17:37 [notice] 1#1: start worker process 31
2024/03/08 18:17:37 [notice] 1#1: start worker process 32
2024/03/08 18:17:37 [notice] 1#1: start worker process 33
2024/03/08 18:17:37 [notice] 1#1: start worker process 34
2024/03/08 18:17:37 [notice] 1#1: start worker process 35
2024/03/08 18:17:37 [notice] 1#1: start worker process 36
2024/03/08 18:17:37 [notice] 1#1: start worker process 37
2024/03/08 18:17:37 [notice] 1#1: start worker process 38
2024/03/08 18:17:37 [notice] 1#1: start worker process 39
2024/03/08 18:18:04 [notice] 1#1: signal 3 (SIGQUIT) received, shutting down
2024/03/08 18:18:04 [notice] 28#28: gracefully shutting down
2024/03/08 18:18:04 [notice] 30#30: gracefully shutting down
2024/03/08 18:18:04 [notice] 29#29: gracefully shutting down
2024/03/08 18:18:04 [notice] 31#31: gracefully shutting down
2024/03/08 18:18:04 [notice] 30#30: exiting
2024/03/08 18:18:04 [notice] 32#32: gracefully shutting down
2024/03/08 18:18:04 [notice] 31#31: exiting
2024/03/08 18:18:04 [notice] 29#29: exiting
2024/03/08 18:18:04 [notice] 32#32: exiting
2024/03/08 18:18:04 [notice] 33#33: gracefully shutting down
2024/03/08 18:18:04 [notice] 35#35: gracefully shutting down
2024/03/08 18:18:04 [notice] 36#36: gracefully shutting down
2024/03/08 18:18:04 [notice] 38#38: gracefully shutting down
2024/03/08 18:18:04 [notice] 36#36: exiting
2024/03/08 18:18:04 [notice] 33#33: exiting
2024/03/08 18:18:04 [notice] 35#35: exiting
2024/03/08 18:18:04 [notice] 38#38: exiting
2024/03/08 18:18:04 [notice] 34#34: gracefully shutting down
2024/03/08 18:18:04 [notice] 37#37: gracefully shutting down
2024/03/08 18:18:04 [notice] 34#34: exiting
2024/03/08 18:18:04 [notice] 39#39: gracefully shutting down
2024/03/08 18:18:04 [notice] 37#37: exiting
2024/03/08 18:18:04 [notice] 31#31: exit
2024/03/08 18:18:04 [notice] 32#32: exit
2024/03/08 18:18:04 [notice] 39#39: exiting
2024/03/08 18:18:04 [notice] 30#30: exit
2024/03/08 18:18:04 [notice] 35#35: exit
2024/03/08 18:18:04 [notice] 36#36: exit
2024/03/08 18:18:04 [notice] 38#38: exit
2024/03/08 18:18:04 [notice] 29#29: exit
2024/03/08 18:18:04 [notice] 33#33: exit
2024/03/08 18:18:04 [notice] 34#34: exit
2024/03/08 18:18:04 [notice] 37#37: exit
2024/03/08 18:18:04 [notice] 39#39: exit
2024/03/08 18:18:04 [notice] 28#28: exiting
2024/03/08 18:18:04 [notice] 28#28: exit
2024/03/08 18:18:04 [notice] 1#1: signal 17 (SIGCHLD) received from 38
2024/03/08 18:18:04 [notice] 1#1: worker process 36 exited with code 0
2024/03/08 18:18:04 [notice] 1#1: worker process 38 exited with code 0
2024/03/08 18:18:04 [notice] 1#1: signal 29 (SIGIO) received
2024/03/08 18:18:04 [notice] 1#1: signal 17 (SIGCHLD) received from 36
2024/03/08 18:18:04 [notice] 1#1: signal 17 (SIGCHLD) received from 32
2024/03/08 18:18:04 [notice] 1#1: worker process 32 exited with code 0
2024/03/08 18:18:04 [notice] 1#1: signal 29 (SIGIO) received
2024/03/08 18:18:04 [notice] 1#1: signal 17 (SIGCHLD) received from 34
2024/03/08 18:18:04 [notice] 1#1: worker process 28 exited with code 0
2024/03/08 18:18:04 [notice] 1#1: worker process 30 exited with code 0
2024/03/08 18:18:04 [notice] 1#1: worker process 34 exited with code 0
2024/03/08 18:18:04 [notice] 1#1: signal 29 (SIGIO) received
2024/03/08 18:18:04 [notice] 1#1: signal 17 (SIGCHLD) received from 28
2024/03/08 18:18:04 [notice] 1#1: signal 17 (SIGCHLD) received from 35
2024/03/08 18:18:04 [notice] 1#1: worker process 29 exited with code 0
2024/03/08 18:18:04 [notice] 1#1: worker process 33 exited with code 0
2024/03/08 18:18:04 [notice] 1#1: worker process 35 exited with code 0
2024/03/08 18:18:04 [notice] 1#1: signal 29 (SIGIO) received
2024/03/08 18:18:04 [notice] 1#1: signal 17 (SIGCHLD) received from 37
2024/03/08 18:18:04 [notice] 1#1: worker process 31 exited with code 0
2024/03/08 18:18:04 [notice] 1#1: worker process 37 exited with code 0
2024/03/08 18:18:04 [notice] 1#1: signal 29 (SIGIO) received
2024/03/08 18:18:04 [notice] 1#1: signal 17 (SIGCHLD) received from 31
2024/03/08 18:18:04 [notice] 1#1: signal 17 (SIGCHLD) received from 39
2024/03/08 18:18:04 [notice] 1#1: worker process 39 exited with code 0
2024/03/08 18:18:04 [notice] 1#1: exit
2024/03/08 18:19:35 [warn] 1#1: "ssl_stapling" ignored, issuer certificate not found for certificate "/etc/nginx/ssl/localhost.crt"
2024/03/08 18:19:35 [notice] 1#1: using the "epoll" event method
2024/03/08 18:19:35 [notice] 1#1: nginx/1.25.1
2024/03/08 18:19:35 [notice] 1#1: built by gcc 12.2.0 (Debian 12.2.0-14) 
2024/03/08 18:19:35 [notice] 1#1: OS: Linux 5.15.146.1-microsoft-standard-WSL2
2024/03/08 18:19:35 [notice] 1#1: getrlimit(RLIMIT_NOFILE): 1048576:1048576
2024/03/08 18:19:35 [notice] 1#1: start worker processes
2024/03/08 18:19:35 [notice] 1#1: start worker process 28
2024/03/08 18:19:35 [notice] 1#1: start worker process 29
2024/03/08 18:19:35 [notice] 1#1: start worker process 30
2024/03/08 18:19:35 [notice] 1#1: start worker process 31
2024/03/08 18:19:35 [notice] 1#1: start worker process 32
2024/03/08 18:19:35 [notice] 1#1: start worker process 33
2024/03/08 18:19:35 [notice] 1#1: start worker process 34
2024/03/08 18:19:35 [notice] 1#1: start worker process 35
2024/03/08 18:19:35 [notice] 1#1: start worker process 36
2024/03/08 18:19:35 [notice] 1#1: start worker process 37
2024/03/08 18:19:35 [notice] 1#1: start worker process 38
2024/03/08 18:19:35 [notice] 1#1: start worker process 39
2024/03/08 18:19:45 [notice] 1#1: signal 3 (SIGQUIT) received, shutting down
2024/03/08 18:19:45 [notice] 28#28: gracefully shutting down
2024/03/08 18:19:45 [notice] 29#29: gracefully shutting down
2024/03/08 18:19:45 [notice] 30#30: gracefully shutting down
2024/03/08 18:19:45 [notice] 29#29: exiting
2024/03/08 18:19:45 [notice] 30#30: exiting
2024/03/08 18:19:45 [notice] 31#31: gracefully shutting down
2024/03/08 18:19:45 [notice] 32#32: gracefully shutting down
2024/03/08 18:19:45 [notice] 33#33: gracefully shutting down
2024/03/08 18:19:45 [notice] 31#31: exiting
2024/03/08 18:19:45 [notice] 34#34: gracefully shutting down
2024/03/08 18:19:45 [notice] 32#32: exiting
2024/03/08 18:19:45 [notice] 37#37: gracefully shutting down
2024/03/08 18:19:45 [notice] 33#33: exiting
2024/03/08 18:19:45 [notice] 35#35: gracefully shutting down
2024/03/08 18:19:45 [notice] 34#34: exiting
2024/03/08 18:19:45 [notice] 37#37: exiting
2024/03/08 18:19:45 [notice] 35#35: exiting
2024/03/08 18:19:45 [notice] 30#30: exit
2024/03/08 18:19:45 [notice] 29#29: exit
2024/03/08 18:19:45 [notice] 36#36: gracefully shutting down
2024/03/08 18:19:45 [notice] 38#38: gracefully shutting down
2024/03/08 18:19:45 [notice] 33#33: exit
2024/03/08 18:19:45 [notice] 32#32: exit
2024/03/08 18:19:45 [notice] 31#31: exit
2024/03/08 18:19:45 [notice] 36#36: exiting
2024/03/08 18:19:45 [notice] 38#38: exiting
2024/03/08 18:19:45 [notice] 34#34: exit
2024/03/08 18:19:45 [notice] 35#35: exit
2024/03/08 18:19:45 [notice] 37#37: exit
2024/03/08 18:19:45 [notice] 36#36: exit
2024/03/08 18:19:45 [notice] 38#38: exit
2024/03/08 18:19:45 [notice] 28#28: exiting
2024/03/08 18:19:45 [notice] 28#28: exit
2024/03/08 18:19:45 [notice] 39#39: gracefully shutting down
2024/03/08 18:19:45 [notice] 39#39: exiting
2024/03/08 18:19:45 [notice] 39#39: exit
2024/03/08 18:19:45 [notice] 1#1: signal 17 (SIGCHLD) received from 39
2024/03/08 18:19:45 [notice] 1#1: worker process 33 exited with code 0
2024/03/08 18:19:45 [notice] 1#1: worker process 39 exited with code 0
2024/03/08 18:19:45 [notice] 1#1: signal 29 (SIGIO) received
2024/03/08 18:19:45 [notice] 1#1: signal 17 (SIGCHLD) received from 36
2024/03/08 18:19:45 [notice] 1#1: worker process 36 exited with code 0
2024/03/08 18:19:45 [notice] 1#1: signal 29 (SIGIO) received
2024/03/08 18:19:45 [notice] 1#1: signal 17 (SIGCHLD) received from 30
2024/03/08 18:19:45 [notice] 1#1: worker process 28 exited with code 0
2024/03/08 18:19:45 [notice] 1#1: worker process 29 exited with code 0
2024/03/08 18:19:45 [notice] 1#1: worker process 30 exited with code 0
2024/03/08 18:19:45 [notice] 1#1: worker process 35 exited with code 0
2024/03/08 18:19:45 [notice] 1#1: worker process 32 exited with code 0
2024/03/08 18:19:45 [notice] 1#1: worker process 38 exited with code 0
2024/03/08 18:19:45 [notice] 1#1: signal 29 (SIGIO) received
2024/03/08 18:19:45 [notice] 1#1: signal 17 (SIGCHLD) received from 28
2024/03/08 18:19:45 [notice] 1#1: worker process 37 exited with code 0
2024/03/08 18:19:45 [notice] 1#1: signal 29 (SIGIO) received
2024/03/08 18:19:45 [notice] 1#1: signal 17 (SIGCHLD) received from 34
2024/03/08 18:19:45 [notice] 1#1: worker process 34 exited with code 0
2024/03/08 18:19:45 [notice] 1#1: signal 29 (SIGIO) received
2024/03/08 18:19:45 [notice] 1#1: signal 17 (SIGCHLD) received from 31
2024/03/08 18:19:45 [notice] 1#1: worker process 31 exited with code 0
2024/03/08 18:19:45 [notice] 1#1: exit
2024/03/08 18:21:15 [warn] 1#1: "ssl_stapling" ignored, issuer certificate not found for certificate "/etc/nginx/ssl/localhost.crt"
2024/03/08 18:21:15 [notice] 1#1: using the "epoll" event method
2024/03/08 18:21:15 [notice] 1#1: nginx/1.25.1
2024/03/08 18:21:15 [notice] 1#1: built by gcc 12.2.0 (Debian 12.2.0-14) 
2024/03/08 18:21:15 [notice] 1#1: OS: Linux 5.15.146.1-microsoft-standard-WSL2
2024/03/08 18:21:15 [notice] 1#1: getrlimit(RLIMIT_NOFILE): 1048576:1048576
2024/03/08 18:21:15 [notice] 1#1: start worker processes
2024/03/08 18:21:15 [notice] 1#1: start worker process 28
2024/03/08 18:21:15 [notice] 1#1: start worker process 29
2024/03/08 18:21:15 [notice] 1#1: start worker process 30
2024/03/08 18:21:15 [notice] 1#1: start worker process 31
2024/03/08 18:21:15 [notice] 1#1: start worker process 32
2024/03/08 18:21:15 [notice] 1#1: start worker process 33
2024/03/08 18:21:15 [notice] 1#1: start worker process 34
2024/03/08 18:21:15 [notice] 1#1: start worker process 35
2024/03/08 18:21:15 [notice] 1#1: start worker process 36
2024/03/08 18:21:15 [notice] 1#1: start worker process 37
2024/03/08 18:21:15 [notice] 1#1: start worker process 38
2024/03/08 18:21:15 [notice] 1#1: start worker process 39
